<?xml version="1.0" encoding="UTF-8"?>
<!-- Generated by org.testng.reporters.JUnitReportReporter -->
<testsuite hostname="DESKTOP-LJO1BRE" failures="0" tests="1" name="Tests.BookingPageTest" time="41.043" errors="0" timestamp="2022-01-17T09:04:52 IST" skipped="0">
  <testcase classname="Tests.BookingPageTest" name="bookingTest" time="41.043"/>
  <system-out/>
</testsuite> <!-- Tests.BookingPageTest -->
