<?xml version="1.0" encoding="UTF-8"?>
<!-- Generated by org.testng.reporters.JUnitReportReporter -->
<testsuite hostname="DESKTOP-LJO1BRE" failures="0" tests="1" name="Tests.SearchResultTest" time="28.259" errors="0" timestamp="2022-01-15T15:51:53 IST" skipped="0">
  <testcase classname="Tests.SearchResultTest" name="SearchBusTest" time="28.259"/>
  <system-out/>
</testsuite> <!-- Tests.SearchResultTest -->
