<?xml version="1.0" encoding="UTF-8"?>
<!-- Generated by org.testng.reporters.JUnitReportReporter -->
<testsuite hostname="LAPTOP-BV9EDCH4" failures="0" tests="2" name="Tests.HomePageTest" time="24.298" errors="0" timestamp="2022-01-05T20:40:48 IST" skipped="0">
  <testcase classname="Tests.HomePageTest" name="searchTest" time="12.428"/>
  <system-out/>
  <testcase classname="Tests.HomePageTest" name="LoginTest" time="11.870"/>
  <system-out/>
</testsuite> <!-- Tests.HomePageTest -->
