<?xml version="1.0" encoding="UTF-8"?>
<!-- Generated by org.testng.reporters.JUnitReportReporter -->
<testsuite hostname="LAPTOP-BV9EDCH4" failures="0" tests="1" name="Tests.LoginPageTest" time="13.995" errors="0" timestamp="2022-01-06T11:55:33 IST" skipped="0">
  <testcase classname="Tests.LoginPageTest" name="LoginTest" time="13.995"/>
  <system-out/>
</testsuite> <!-- Tests.LoginPageTest -->
